[API] Initialized: model=mimo-v2.5, provider=mimo, base_url=https://token-plan-sgp.xiaomimimo.com/v1, max_tokens=768
[MAIN] Using API backend: model=mimo-v2.5
[MAIN] model_adapter_mode=small_model (requested=small_model)
[DEBUG] paper_id: mHv6wcBb0z, paper_text length: 35109
[DEBUG] paper_text snippet: \title{Preventing Model Collapse in Deep Canonical Correlation Analysis by Noise Regularization}  \b...
[DEBUG] paper_id: jVEoydFOl9, paper_text length: 41603
[DEBUG] paper_text snippet: \title{Towards Foundation Models for Knowledge Graph Reasoning}  \begin{abstract}  Foundation models...
[DEBUG] paper_id: fGXyvmWpw6, paper_text length: 47400
[DEBUG] paper_text snippet: \title{Federated Virtual Learning on Heterogeneous Data with Local-global Distillation}  \begin{abst...
[DEBUG] paper_id: XyB4VvF01X, paper_text length: 32345
[DEBUG] paper_text snippet: \title{Graph2Tac: Learning hierarchical representations of math concepts in theorem proving}  \begin...
[DEBUG] paper_id: WNxlJJIEVj, paper_text length: 48238
[DEBUG] paper_text snippet: \title{Contrastive Diffuser: Planning Towards High Return States via Contrastive Learning}  \begin{a...
[DEBUG] paper_id: WLgbjzKJkk, paper_text length: 33927
[DEBUG] paper_text snippet: \title{CO-MOT: Boosting End-to-end Transformer-based Multi-Object Tracking via Coopetition Label Ass...
[DEBUG] paper_id: LebzzClHYw, paper_text length: 41046
[DEBUG] paper_text snippet: \title{Instructive Decoding: Instruction-Tuned Large Language Models are Self-Refiner from Noisy Ins...
[DEBUG] paper_id: KOUAayk5Kx, paper_text length: 32732
[DEBUG] paper_text snippet: \title{Defying Multi-model Forgetting: Orthogonal Gradient Learning to One-shot Neural Architecture ...
[review_reward][unknown][mHv6wcBb0z] reward=0.4727 breakdown={'decision': 0.0, 'section_presence': 1.0, 'length_score': 1.0, 'summary_align': 0.5035, 'strength_align': 0.3695, 'weakness_align': 0.2052, 'suggestion_align': 0.6, 'global_align': 0.2646, 'critique': 0.3109, 'stance_align': 0.7922, 'rating_align': 0.0, 'decision_line_bonus': 0.0, 'audit_id_leak_penalty': 0.0, 'penalty': 0.0, 'total': 0.4727, 'es_coverage': 0.5, 'es_depth': 0.5, 'es_empirical': 0.25, 'es_independent': 0.5, 'es_flaw_density': 0.0, 'es_support_volume': 0.5, 'evidence_support_score': 0.3875}
[review_reward][unknown][jVEoydFOl9] reward=0.5214 breakdown={'decision': 0.0, 'section_presence': 1.0, 'length_score': 1.0, 'summary_align': 0.331, 'strength_align': 0.2668, 'weakness_align': 0.1669, 'suggestion_align': 0.2667, 'global_align': 0.1888, 'critique': 1.0, 'stance_align': 0.9706, 'rating_align': 0.0, 'decision_line_bonus': 0.0, 'audit_id_leak_penalty': 0.0, 'penalty': 0.0, 'total': 0.5214, 'es_coverage': 0.5, 'es_depth': 0.5, 'es_empirical': 0.25, 'es_independent': 0.5, 'es_flaw_density': 0.0, 'es_support_volume': 0.5, 'evidence_support_score': 0.3875}
[review_reward][unknown][fGXyvmWpw6] reward=0.5766 breakdown={'decision': 0.0, 'section_presence': 1.0, 'length_score': 1.0, 'summary_align': 0.4121, 'strength_align': 0.3357, 'weakness_align': 0.213, 'suggestion_align': 0.3333, 'global_align': 0.3622, 'critique': 1.0, 'stance_align': 0.831, 'rating_align': 0.0, 'decision_line_bonus': 0.0, 'audit_id_leak_penalty': 0.0, 'penalty': 0.0, 'total': 0.5766, 'es_coverage': 0.75, 'es_depth': 0.625, 'es_empirical': 0.5, 'es_independent': 0.25, 'es_flaw_density': 0.0, 'es_support_volume': 0.5, 'evidence_support_score': 0.5}
[review_reward][unknown][XyB4VvF01X] reward=0.6280 breakdown={'decision': 0.0, 'section_presence': 1.0, 'length_score': 1.0, 'summary_align': 0.5169, 'strength_align': 0.3398, 'weakness_align': 0.2379, 'suggestion_align': 0.3333, 'global_align': 0.2532, 'critique': 1.0, 'stance_align': 0.9205, 'rating_align': 0.0, 'decision_line_bonus': 0.0, 'audit_id_leak_penalty': 0.0, 'penalty': 0.0, 'total': 0.628, 'es_coverage': 0.75, 'es_depth': 0.75, 'es_empirical': 0.75, 'es_independent': 0.5, 'es_flaw_density': 0.0, 'es_support_volume': 0.625, 'evidence_support_score': 0.6}
{"paper_id": "mHv6wcBb0z", "mode": "s4", "reward": 0.47271200891838766, "final_decision": "accept", "model_adapter_mode": "small_model"}
{"paper_id": "jVEoydFOl9", "mode": "s4", "reward": 0.5214157573476513, "final_decision": "reject", "model_adapter_mode": "small_model"}
{"paper_id": "fGXyvmWpw6", "mode": "s4", "reward": 0.5765578504950452, "final_decision": "reject", "model_adapter_mode": "small_model"}
{"paper_id": "XyB4VvF01X", "mode": "s4", "reward": 0.6279995952066096, "final_decision": "accept", "model_adapter_mode": "small_model"}
[review_reward][unknown][WNxlJJIEVj] reward=0.3667 breakdown={'decision': 0.0, 'section_presence': 1.0, 'length_score': 1.0, 'summary_align': 0.2612, 'strength_align': 0.1537, 'weakness_align': 0.1367, 'suggestion_align': 0.2, 'global_align': 0.1693, 'critique': 0.339, 'stance_align': 0.9136, 'rating_align': 0.0, 'decision_line_bonus': 0.0, 'audit_id_leak_penalty': 0.0, 'penalty': 0.0, 'total': 0.3667, 'es_coverage': 0.2857, 'es_depth': 0.2857, 'es_empirical': 0.1429, 'es_independent': 0.2857, 'es_flaw_density': 0.0, 'es_support_volume': 0.2857, 'evidence_support_score': 0.2214}
[review_reward][unknown][WLgbjzKJkk] reward=0.5486 breakdown={'decision': 0.0, 'section_presence': 1.0, 'length_score': 1.0, 'summary_align': 0.455, 'strength_align': 0.3273, 'weakness_align': 0.1031, 'suggestion_align': 0.2, 'global_align': 0.2816, 'critique': 0.5172, 'stance_align': 0.9, 'rating_align': 0.0, 'decision_line_bonus': 0.0, 'audit_id_leak_penalty': 0.0, 'penalty': 0.0, 'total': 0.5486, 'es_coverage': 1.0, 'es_depth': 0.6667, 'es_empirical': 0.3333, 'es_independent': 0.3333, 'es_flaw_density': 0.0, 'es_support_volume': 0.6667, 'evidence_support_score': 0.5833}
[review_reward][unknown][LebzzClHYw] reward=0.6184 breakdown={'decision': 0.0, 'section_presence': 1.0, 'length_score': 1.0, 'summary_align': 0.2769, 'strength_align': 0.2137, 'weakness_align': 0.1988, 'suggestion_align': 0.2667, 'global_align': 0.173, 'critique': 1.0, 'stance_align': 0.9697, 'rating_align': 0.0, 'decision_line_bonus': 0.0, 'audit_id_leak_penalty': 0.0, 'penalty': 0.0, 'total': 0.6184, 'es_coverage': 0.75, 'es_depth': 0.75, 'es_empirical': 0.75, 'es_independent': 0.75, 'es_flaw_density': 0.0, 'es_support_volume': 0.75, 'evidence_support_score': 0.6375}
[review_reward][unknown][KOUAayk5Kx] reward=0.7408 breakdown={'decision': 0.0, 'section_presence': 1.0, 'length_score': 1.0, 'summary_align': 0.6053, 'strength_align': 0.4331, 'weakness_align': 0.3561, 'suggestion_align': 0.3333, 'global_align': 0.4038, 'critique': 0.9677, 'stance_align': 0.9967, 'rating_align': 0.0, 'decision_line_bonus': 0.0, 'audit_id_leak_penalty': 0.0, 'penalty': 0.0, 'total': 0.7408, 'es_coverage': 1.0, 'es_depth': 1.0, 'es_empirical': 0.6667, 'es_independent': 1.0, 'es_flaw_density': 0.0, 'es_support_volume': 1.0, 'evidence_support_score': 0.8}
{"paper_id": "WNxlJJIEVj", "mode": "s4", "reward": 0.3667143365623843, "final_decision": "accept", "model_adapter_mode": "small_model"}
{"paper_id": "WLgbjzKJkk", "mode": "s4", "reward": 0.548558543191847, "final_decision": "accept", "model_adapter_mode": "small_model"}
{"paper_id": "LebzzClHYw", "mode": "s4", "reward": 0.6183643092842421, "final_decision": "reject", "model_adapter_mode": "small_model"}
{"paper_id": "KOUAayk5Kx", "mode": "s4", "reward": 0.7408245331613672, "final_decision": "accept", "model_adapter_mode": "small_model"}
