[API] Initialized: model=mimo-v2.5, provider=mimo, base_url=https://token-plan-sgp.xiaomimimo.com/v1, max_tokens=768
[MAIN] Using API backend: model=mimo-v2.5
[MAIN] model_adapter_mode=small_model (requested=small_model)
[DEBUG] paper_id: mHv6wcBb0z, paper_text length: 35109
[DEBUG] paper_text snippet: \title{Preventing Model Collapse in Deep Canonical Correlation Analysis by Noise Regularization}  \b...
[DEBUG] paper_id: jVEoydFOl9, paper_text length: 41603
[DEBUG] paper_text snippet: \title{Towards Foundation Models for Knowledge Graph Reasoning}  \begin{abstract}  Foundation models...
[DEBUG] paper_id: fGXyvmWpw6, paper_text length: 47400
[DEBUG] paper_text snippet: \title{Federated Virtual Learning on Heterogeneous Data with Local-global Distillation}  \begin{abst...
[DEBUG] paper_id: XyB4VvF01X, paper_text length: 32345
[DEBUG] paper_text snippet: \title{Graph2Tac: Learning hierarchical representations of math concepts in theorem proving}  \begin...
[DEBUG] paper_id: WNxlJJIEVj, paper_text length: 48238
[DEBUG] paper_text snippet: \title{Contrastive Diffuser: Planning Towards High Return States via Contrastive Learning}  \begin{a...
[DEBUG] paper_id: WLgbjzKJkk, paper_text length: 33927
[DEBUG] paper_text snippet: \title{CO-MOT: Boosting End-to-end Transformer-based Multi-Object Tracking via Coopetition Label Ass...
[DEBUG] paper_id: LebzzClHYw, paper_text length: 41046
[DEBUG] paper_text snippet: \title{Instructive Decoding: Instruction-Tuned Large Language Models are Self-Refiner from Noisy Ins...
[DEBUG] paper_id: KOUAayk5Kx, paper_text length: 32732
[DEBUG] paper_text snippet: \title{Defying Multi-model Forgetting: Orthogonal Gradient Learning to One-shot Neural Architecture ...
[review_reward][unknown][mHv6wcBb0z] reward=0.5328 breakdown={'decision': 0.0, 'section_presence': 1.0, 'length_score': 1.0, 'summary_align': 0.462, 'strength_align': 0.3022, 'weakness_align': 0.2082, 'suggestion_align': 0.6, 'global_align': 0.2796, 'critique': 0.7317, 'stance_align': 0.8661, 'rating_align': 0.0, 'decision_line_bonus': 0.0, 'audit_id_leak_penalty': 0.0, 'penalty': 0.0, 'total': 0.5328, 'es_coverage': 0.5, 'es_depth': 0.5, 'es_empirical': 0.5, 'es_independent': 0.5, 'es_flaw_density': 0.0, 'es_support_volume': 0.5, 'evidence_support_score': 0.425}
[review_reward][unknown][jVEoydFOl9] reward=0.4918 breakdown={'decision': 0.0, 'section_presence': 1.0, 'length_score': 1.0, 'summary_align': 0.3941, 'strength_align': 0.2028, 'weakness_align': 0.1556, 'suggestion_align': 0.2667, 'global_align': 0.1892, 'critique': 1.0, 'stance_align': 0.9961, 'rating_align': 0.0, 'decision_line_bonus': 0.0, 'audit_id_leak_penalty': 0.0, 'penalty': 0.0, 'total': 0.4918, 'es_coverage': 0.4, 'es_depth': 0.4, 'es_empirical': 0.4, 'es_independent': 0.2, 'es_flaw_density': 0.0, 'es_support_volume': 0.3, 'evidence_support_score': 0.31}
[review_reward][unknown][fGXyvmWpw6] reward=0.7012 breakdown={'decision': 0.0, 'section_presence': 1.0, 'length_score': 1.0, 'summary_align': 0.5521, 'strength_align': 0.4134, 'weakness_align': 0.2771, 'suggestion_align': 0.3333, 'global_align': 0.3758, 'critique': 1.0, 'stance_align': 0.6476, 'rating_align': 0.0, 'decision_line_bonus': 0.0, 'audit_id_leak_penalty': 0.0, 'penalty': 0.0, 'total': 0.7012, 'es_coverage': 1.0, 'es_depth': 1.0, 'es_empirical': 1.0, 'es_independent': 0.75, 'es_flaw_density': 0.0, 'es_support_volume': 0.875, 'evidence_support_score': 0.8125}
[review_reward][unknown][XyB4VvF01X] reward=0.6633 breakdown={'decision': 0.0, 'section_presence': 1.0, 'length_score': 1.0, 'summary_align': 0.3126, 'strength_align': 0.2085, 'weakness_align': 0.1792, 'suggestion_align': 0.3333, 'global_align': 0.1719, 'critique': 0.5825, 'stance_align': 0.9583, 'rating_align': 0.0, 'decision_line_bonus': 0.0, 'audit_id_leak_penalty': 0.0, 'penalty': 0.0, 'total': 0.6633, 'es_coverage': 1.0, 'es_depth': 1.0, 'es_empirical': 1.0, 'es_independent': 1.0, 'es_flaw_density': 0.0, 'es_support_volume': 1.0, 'evidence_support_score': 0.85}
{"paper_id": "mHv6wcBb0z", "mode": "s4", "reward": 0.5327951169079775, "final_decision": "reject", "model_adapter_mode": "small_model"}
{"paper_id": "jVEoydFOl9", "mode": "s4", "reward": 0.4918042695113972, "final_decision": "reject", "model_adapter_mode": "small_model"}
{"paper_id": "fGXyvmWpw6", "mode": "s4", "reward": 0.7012057283644332, "final_decision": "reject", "model_adapter_mode": "small_model"}
{"paper_id": "XyB4VvF01X", "mode": "s4", "reward": 0.6633214351736074, "final_decision": "accept", "model_adapter_mode": "small_model"}
[review_reward][unknown][WNxlJJIEVj] reward=0.6176 breakdown={'decision': 0.0, 'section_presence': 1.0, 'length_score': 1.0, 'summary_align': 0.4813, 'strength_align': 0.3182, 'weakness_align': 0.1358, 'suggestion_align': 0.2, 'global_align': 0.2042, 'critique': 0.3243, 'stance_align': 0.9136, 'rating_align': 0.0, 'decision_line_bonus': 0.0, 'audit_id_leak_penalty': 0.0, 'penalty': 0.0, 'total': 0.6176, 'es_coverage': 1.0, 'es_depth': 1.0, 'es_empirical': 0.6667, 'es_independent': 1.0, 'es_flaw_density': 0.0, 'es_support_volume': 1.0, 'evidence_support_score': 0.8}
[review_reward][unknown][WLgbjzKJkk] reward=0.6077 breakdown={'decision': 0.0, 'section_presence': 1.0, 'length_score': 1.0, 'summary_align': 0.5475, 'strength_align': 0.4024, 'weakness_align': 0.1657, 'suggestion_align': 0.2, 'global_align': 0.2754, 'critique': 0.3352, 'stance_align': 0.8636, 'rating_align': 0.0, 'decision_line_bonus': 0.0, 'audit_id_leak_penalty': 0.0, 'penalty': 0.0, 'total': 0.6077, 'es_coverage': 1.0, 'es_depth': 1.0, 'es_empirical': 1.0, 'es_independent': 0.3333, 'es_flaw_density': 0.0, 'es_support_volume': 0.6667, 'evidence_support_score': 0.75}
[review_reward][unknown][LebzzClHYw] reward=0.6635 breakdown={'decision': 0.0, 'section_presence': 1.0, 'length_score': 1.0, 'summary_align': 0.401, 'strength_align': 0.3094, 'weakness_align': 0.1988, 'suggestion_align': 0.2667, 'global_align': 0.2136, 'critique': 1.0, 'stance_align': 0.9744, 'rating_align': 0.0, 'decision_line_bonus': 0.0, 'audit_id_leak_penalty': 0.0, 'penalty': 0.0, 'total': 0.6635, 'es_coverage': 1.0, 'es_depth': 0.8333, 'es_empirical': 0.6667, 'es_independent': 0.6667, 'es_flaw_density': 0.0, 'es_support_volume': 0.8333, 'evidence_support_score': 0.7167}
[review_reward][unknown][KOUAayk5Kx] reward=0.4802 breakdown={'decision': 0.0, 'section_presence': 1.0, 'length_score': 1.0, 'summary_align': 0.4364, 'strength_align': 0.2176, 'weakness_align': 0.1677, 'suggestion_align': 0.3333, 'global_align': 0.182, 'critique': 1.0, 'stance_align': 0.8096, 'rating_align': 0.0, 'decision_line_bonus': 0.0, 'audit_id_leak_penalty': 0.0, 'penalty': 0.0, 'total': 0.4802, 'es_coverage': 0.4, 'es_depth': 0.4, 'es_empirical': 0.4, 'es_independent': 0.2, 'es_flaw_density': 0.0, 'es_support_volume': 0.3, 'evidence_support_score': 0.31}
{"paper_id": "WNxlJJIEVj", "mode": "s4", "reward": 0.6175616510472544, "final_decision": "accept", "model_adapter_mode": "small_model"}
{"paper_id": "WLgbjzKJkk", "mode": "s4", "reward": 0.607715278234845, "final_decision": "accept", "model_adapter_mode": "small_model"}
{"paper_id": "LebzzClHYw", "mode": "s4", "reward": 0.6635186625880929, "final_decision": "reject", "model_adapter_mode": "small_model"}
{"paper_id": "KOUAayk5Kx", "mode": "s4", "reward": 0.48019047832105416, "final_decision": "reject", "model_adapter_mode": "small_model"}
